27-09-2019 17:06:29.291 [restartedMain] INFO  j.r.e.p.a.SpringBootProyectoEverisParentApplication.logStartupProfileInfo - No active profile set, falling back to default profiles: default
27-09-2019 17:06:35.569 [restartedMain] INFO  o.s.d.r.c.RepositoryConfigurationDelegate.registerRepositoriesIn - Bootstrapping Spring Data repositories in DEFAULT mode.
27-09-2019 17:06:36.344 [restartedMain] INFO  o.s.d.r.c.RepositoryConfigurationDelegate.registerRepositoriesIn - Finished Spring Data repository scanning in 765ms. Found 1 repository interfaces.
27-09-2019 17:06:36.369 [restartedMain] INFO  o.s.d.r.c.RepositoryConfigurationDelegate.registerRepositoriesIn - Bootstrapping Spring Data repositories in DEFAULT mode.
27-09-2019 17:06:36.406 [restartedMain] INFO  o.s.d.r.c.RepositoryConfigurationDelegate.registerRepositoriesIn - Finished Spring Data repository scanning in 35ms. Found 0 repository interfaces.
27-09-2019 17:06:37.117 [restartedMain] WARN  o.s.boot.actuate.endpoint.EndpointId.logWarning - Endpoint ID 'service-registry' contains invalid characters, please migrate to a valid format.
27-09-2019 17:06:38.288 [restartedMain] INFO  o.s.cloud.context.scope.GenericScope.setSerializationId - BeanFactory id=ce24ef18-f294-359d-95b1-ffa93ad22bf7
27-09-2019 17:06:39.076 [restartedMain] INFO  o.s.c.s.PostProcessorRegistrationDelegate$BeanPostProcessorChecker.postProcessAfterInitialization - Bean 'org.springframework.cloud.autoconfigure.ConfigurationPropertiesRebinderAutoConfiguration' of type [org.springframework.cloud.autoconfigure.ConfigurationPropertiesRebinderAutoConfiguration$$EnhancerBySpringCGLIB$$c76862f2] is not eligible for getting processed by all BeanPostProcessors (for example: not eligible for auto-proxying)
27-09-2019 17:06:43.477 [restartedMain] INFO  org.mongodb.driver.cluster.info - Cluster created with settings {hosts=[localhost:27017], mode=SINGLE, requiredClusterType=UNKNOWN, serverSelectionTimeout='30000 ms', maxWaitQueueSize=500}
27-09-2019 17:06:47.920 [cluster-ClusterId{value='5d8e87f3f06fc325ecc006b3', description='null'}-localhost:27017] INFO  org.mongodb.driver.connection.info - Opened connection [connectionId{localValue:1, serverValue:3335}] to localhost:27017
27-09-2019 17:06:47.929 [cluster-ClusterId{value='5d8e87f3f06fc325ecc006b3', description='null'}-localhost:27017] INFO  org.mongodb.driver.cluster.info - Monitor thread successfully connected to server with description ServerDescription{address=localhost:27017, type=STANDALONE, state=CONNECTED, ok=true, version=ServerVersion{versionList=[4, 2, 0]}, minWireVersion=0, maxWireVersion=8, maxDocumentSize=16777216, logicalSessionTimeoutMinutes=30, roundTripTimeNanos=5133645}
27-09-2019 17:07:00.275 [restartedMain] INFO  org.mongodb.driver.cluster.info - Cluster created with settings {hosts=[localhost:27017], mode=SINGLE, requiredClusterType=UNKNOWN, serverSelectionTimeout='30000 ms', maxWaitQueueSize=500}
27-09-2019 17:07:00.644 [cluster-ClusterId{value='5d8e8804f06fc325ecc006b4', description='null'}-localhost:27017] INFO  org.mongodb.driver.connection.info - Opened connection [connectionId{localValue:2, serverValue:3336}] to localhost:27017
27-09-2019 17:07:00.662 [cluster-ClusterId{value='5d8e8804f06fc325ecc006b4', description='null'}-localhost:27017] INFO  org.mongodb.driver.cluster.info - Monitor thread successfully connected to server with description ServerDescription{address=localhost:27017, type=STANDALONE, state=CONNECTED, ok=true, version=ServerVersion{versionList=[4, 2, 0]}, minWireVersion=0, maxWireVersion=8, maxDocumentSize=16777216, logicalSessionTimeoutMinutes=30, roundTripTimeNanos=16943616}
27-09-2019 17:07:02.188 [restartedMain] WARN  o.s.b.d.a.OptionalLiveReloadServer.startServer - Unable to start LiveReload server
27-09-2019 17:07:09.304 [restartedMain] WARN  c.n.c.sources.URLConfigurationSource.<init> - No URLs will be polled as dynamic configuration sources.
27-09-2019 17:07:09.307 [restartedMain] INFO  c.n.c.sources.URLConfigurationSource.<init> - To enable URLs as dynamic configuration sources, define System property archaius.configurationSource.additionalUrls or make config.properties available on classpath.
27-09-2019 17:07:09.471 [restartedMain] INFO  c.n.config.DynamicPropertyFactory.getInstance - DynamicPropertyFactory is initialized with configuration sources: com.netflix.config.ConcurrentCompositeConfiguration@2593b93b
27-09-2019 17:07:10.015 [restartedMain] INFO  o.s.b.a.e.web.EndpointLinksResolver.<init> - Exposing 2 endpoint(s) beneath base path '/actuator'
27-09-2019 17:07:10.263 [restartedMain] WARN  c.n.c.sources.URLConfigurationSource.<init> - No URLs will be polled as dynamic configuration sources.
27-09-2019 17:07:10.265 [restartedMain] INFO  c.n.c.sources.URLConfigurationSource.<init> - To enable URLs as dynamic configuration sources, define System property archaius.configurationSource.additionalUrls or make config.properties available on classpath.
27-09-2019 17:07:11.529 [restartedMain] WARN  o.s.b.a.t.ThymeleafAutoConfiguration$DefaultTemplateResolverConfiguration.checkTemplateLocationExists - Cannot find template location: classpath:/templates/ (please add some templates or check your Thymeleaf configuration)
27-09-2019 17:07:15.093 [restartedMain] INFO  o.s.c.n.eureka.InstanceInfoFactory.create - Setting initial instance status as: STARTING
27-09-2019 17:07:15.489 [restartedMain] INFO  c.netflix.discovery.DiscoveryClient.<init> - Initializing Eureka in region us-east-1
27-09-2019 17:07:16.112 [restartedMain] INFO  c.n.d.p.DiscoveryJerseyProvider.<init> - Using JSON encoding codec LegacyJacksonJson
27-09-2019 17:07:16.113 [restartedMain] INFO  c.n.d.p.DiscoveryJerseyProvider.<init> - Using JSON decoding codec LegacyJacksonJson
27-09-2019 17:07:19.545 [restartedMain] INFO  c.n.d.p.DiscoveryJerseyProvider.<init> - Using XML encoding codec XStreamXml
27-09-2019 17:07:19.547 [restartedMain] INFO  c.n.d.p.DiscoveryJerseyProvider.<init> - Using XML decoding codec XStreamXml
27-09-2019 17:07:21.362 [restartedMain] INFO  c.n.d.s.r.aws.ConfigClusterResolver.getClusterEndpoints - Resolving eureka endpoints via configuration
27-09-2019 17:07:22.554 [restartedMain] INFO  c.netflix.discovery.DiscoveryClient.fetchRegistry - Disable delta property : false
27-09-2019 17:07:22.556 [restartedMain] INFO  c.netflix.discovery.DiscoveryClient.fetchRegistry - Single vip registry refresh property : null
27-09-2019 17:07:22.557 [restartedMain] INFO  c.netflix.discovery.DiscoveryClient.fetchRegistry - Force full registry fetch : false
27-09-2019 17:07:22.559 [restartedMain] INFO  c.netflix.discovery.DiscoveryClient.fetchRegistry - Application is null : false
27-09-2019 17:07:22.560 [restartedMain] INFO  c.netflix.discovery.DiscoveryClient.fetchRegistry - Registered Applications size is zero : true
27-09-2019 17:07:22.561 [restartedMain] INFO  c.netflix.discovery.DiscoveryClient.fetchRegistry - Application version is -1: true
27-09-2019 17:07:22.562 [restartedMain] INFO  c.netflix.discovery.DiscoveryClient.getAndStoreFullRegistry - Getting all instance registry info from the eureka server
27-09-2019 17:07:25.556 [restartedMain] INFO  c.netflix.discovery.DiscoveryClient.getAndStoreFullRegistry - The response status is 200
27-09-2019 17:07:26.314 [restartedMain] INFO  c.netflix.discovery.DiscoveryClient.initScheduledTasks - Starting heartbeat executor: renew interval is: 30
27-09-2019 17:07:26.341 [restartedMain] INFO  c.n.discovery.InstanceInfoReplicator.<init> - InstanceInfoReplicator onDemand update allowed rate per min is 4
27-09-2019 17:07:26.613 [restartedMain] INFO  c.netflix.discovery.DiscoveryClient.<init> - Discovery Client initialized at timestamp 1569622046348 with initial instances count: 4
27-09-2019 17:07:26.615 [restartedMain] INFO  o.s.c.n.e.s.EurekaServiceRegistry.register - Registering application SPRING-PARENTS with eureka with status UP
27-09-2019 17:07:26.616 [restartedMain] INFO  c.netflix.discovery.DiscoveryClient.notify - Saw local status change event StatusChangeEvent [timestamp=1569622046616, current=UP, previous=STARTING]
27-09-2019 17:07:26.618 [restartedMain] INFO  s.d.s.w.p.DocumentationPluginsBootstrapper.start - Documentation plugins bootstrapped
27-09-2019 17:07:26.619 [DiscoveryClient-InstanceInfoReplicator-0] INFO  c.netflix.discovery.DiscoveryClient.register - DiscoveryClient_SPRING-PARENTS/LIM-FLTWM72.usersad.everis.int:spring-parents:8083: registering service...
27-09-2019 17:07:26.971 [DiscoveryClient-InstanceInfoReplicator-0] INFO  c.netflix.discovery.DiscoveryClient.register - DiscoveryClient_SPRING-PARENTS/LIM-FLTWM72.usersad.everis.int:spring-parents:8083 - registration status: 204
27-09-2019 17:07:27.316 [restartedMain] INFO  s.d.s.w.p.DocumentationPluginsBootstrapper.bootstrapDocumentationPlugins - Found 1 custom documentation plugin(s)
27-09-2019 17:07:27.561 [restartedMain] INFO  s.d.s.w.s.ApiListingReferenceScanner.scan - Scanning for api listing references
27-09-2019 17:07:29.839 [restartedMain] INFO  s.d.s.w.r.o.CachingOperationNameGenerator.startingWith - Generating unique operation named: handleUsingGET_1
27-09-2019 17:07:29.884 [restartedMain] INFO  s.d.s.w.r.o.CachingOperationNameGenerator.startingWith - Generating unique operation named: handleUsingGET_2
27-09-2019 17:07:29.941 [restartedMain] INFO  s.d.s.w.r.o.CachingOperationNameGenerator.startingWith - Generating unique operation named: handleUsingGET_3
27-09-2019 17:07:30.268 [restartedMain] INFO  o.s.b.w.e.netty.NettyWebServer.start - Netty started on port(s): 8083
27-09-2019 17:07:30.270 [restartedMain] INFO  o.s.c.n.e.s.EurekaAutoServiceRegistration.onApplicationEvent - Updating port to 8083
27-09-2019 17:07:31.503 [restartedMain] INFO  j.r.e.p.a.SpringBootProyectoEverisParentApplication.logStarted - Started SpringBootProyectoEverisParentApplication in 125.259 seconds (JVM running for 130.596)
27-09-2019 17:12:23.990 [AsyncResolver-bootstrap-executor-0] INFO  c.n.d.s.r.aws.ConfigClusterResolver.getClusterEndpoints - Resolving eureka endpoints via configuration
27-09-2019 17:17:24.062 [AsyncResolver-bootstrap-executor-0] INFO  c.n.d.s.r.aws.ConfigClusterResolver.getClusterEndpoints - Resolving eureka endpoints via configuration
27-09-2019 17:22:24.066 [AsyncResolver-bootstrap-executor-0] INFO  c.n.d.s.r.aws.ConfigClusterResolver.getClusterEndpoints - Resolving eureka endpoints via configuration
